#
# There is insufficient memory for the Java Runtime Environment to continue.
# Native memory allocation (mmap) failed to map 130023424 bytes for G1 virtual space
# Possible reasons:
#   The system is out of physical RAM or swap space
#   The process is running with CompressedOops enabled, and the Java Heap may be blocking the growth of the native heap
# Possible solutions:
#   Reduce memory load on the system
#   Increase physical memory or swap space
#   Check if swap backing store is full
#   Decrease Java heap size (-Xmx/-Xms)
#   Decrease number of Java threads
#   Decrease Java thread stack sizes (-Xss)
#   Set larger code cache with -XX:ReservedCodeCacheSize=
#   JVM is running with Unscaled Compressed Oops mode in which the Java heap is
#     placed in the first 4GB address space. The Java Heap base address is the
#     maximum limit for the native heap growth. Please use -XX:HeapBaseMinAddress
#     to set the Java Heap base and to place the Java Heap above 4GB virtual address.
# This output file may be truncated or incomplete.
#
#  Out of Memory Error (os_windows.cpp:3548), pid=5680, tid=1808
#
# JRE version:  (17.0.11+7) (build )
# Java VM: Java HotSpot(TM) 64-Bit Server VM (17.0.11+7-LTS-207, mixed mode, sharing, tiered, compressed oops, compressed class ptrs, g1 gc, windows-amd64)
# No core dump will be written. Minidumps are not enabled by default on client versions of Windows
#

---------------  S U M M A R Y ------------

Command Line: -Dclassworlds.conf=C:\Program Files\NetBeans-21\netbeans\java\maven\bin\m2.conf -Dmaven.home=C:\Program Files\NetBeans-21\netbeans\java\maven -Dlibrary.jansi.path=C:\Program Files\NetBeans-21\netbeans\java\maven\lib\jansi-native -Dmaven.multiModuleProjectDirectory=A:\SOF2042\Poly org.codehaus.plexus.classworlds.launcher.Launcher -Dexec.vmArgs= -Dexec.args=${exec.vmArgs} -classpath %classpath ${exec.mainClass} ${exec.appArgs} -Dexec.executable=C:\Program Files\Java\jdk-17\bin\java.exe -Dexec.mainClass=com.edusys.ui.EduSysJFrame -Dexec.classpathScope=runtime -Dexec.appArgs= -Dmaven.ext.class.path=C:\Program Files\NetBeans-21\netbeans\java\maven-nblib\netbeans-eventspy.jar --no-transfer-progress process-classes org.codehaus.mojo:exec-maven-plugin:3.1.0:exec

Host: 11th Gen Intel(R) Core(TM) i5-11400H @ 2.70GHz, 12 cores, 7G,  Windows 11 , 64 bit Build 22621 (10.0.22621.4391)
Time: Sun Jan 26 09:47:16 2025 SE Asia Standard Time elapsed time: 0.006870 seconds (0d 0h 0m 0s)

---------------  T H R E A D  ---------------

Current thread (0x000001b55c135e30):  JavaThread "Unknown thread" [_thread_in_vm, id=1808, stack(0x00000025d1600000,0x00000025d1700000)]

Stack: [0x00000025d1600000,0x00000025d1700000]
Native frames: (J=compiled Java code, j=interpreted, Vv=VM code, C=native code)
V  [jvm.dll+0x679cca]
V  [jvm.dll+0x7da13d]
V  [jvm.dll+0x7dba83]
V  [jvm.dll+0x7dc0f3]
V  [jvm.dll+0x2449af]
V  [jvm.dll+0x676ce9]
V  [jvm.dll+0x66b852]
V  [jvm.dll+0x3018d6]
V  [jvm.dll+0x308e76]
V  [jvm.dll+0x3596ee]
V  [jvm.dll+0x35991f]
V  [jvm.dll+0x2d89a8]
V  [jvm.dll+0x2d9914]
V  [jvm.dll+0x7ac6b1]
V  [jvm.dll+0x366f61]
V  [jvm.dll+0x78b609]
V  [jvm.dll+0x3ec22f]
V  [jvm.dll+0x3ede61]
C  [jli.dll+0x5297]
C  [ucrtbase.dll+0x29333]
C  [KERNEL32.DLL+0x1259d]
C  [ntdll.dll+0x5af38]


---------------  P R O C E S S  ---------------

Threads class SMR info:
_java_thread_list=0x00007ff8d0457a18, length=0, elements={
}

Java Threads: ( => current thread )

Other Threads:
  0x000001b55c190d00 GCTaskThread "GC Thread#0" [stack: 0x00000025d1700000,0x00000025d1800000] [id=19848]
  0x000001b55c1a12e0 ConcurrentGCThread "G1 Main Marker" [stack: 0x00000025d1800000,0x00000025d1900000] [id=13708]
  0x000001b55c1a1bf0 ConcurrentGCThread "G1 Conc#0" [stack: 0x00000025d1900000,0x00000025d1a00000] [id=19888]

[error occurred during error reporting (printing all threads), id 0xc0000005, EXCEPTION_ACCESS_VIOLATION (0xc0000005) at pc=0x00007ff8cfc89497]

VM state: not at safepoint (not fully initialized)

VM Mutex/Monitor currently owned by a thread:  ([mutex/lock_event])
[0x000001b55c1315f0] Heap_lock - owner thread: 0x000001b55c135e30

Heap address: 0x0000000084400000, size: 1980 MB, Compressed Oops mode: 32-bit

CDS archive(s) mapped at: [0x0000000000000000-0x0000000000000000-0x0000000000000000), size 0, SharedBaseAddress: 0x0000000800000000, ArchiveRelocationMode: 1.
Narrow klass base: 0x0000000000000000, Narrow klass shift: 0, Narrow klass range: 0x0

GC Precious Log:
<Empty>

Heap:
 garbage-first heap   total 0K, used 0K [0x0000000084400000, 0x0000000100000000)
  region size 1024K, 0 young (0K), 0 survivors (0K)

[error occurred during error reporting (printing heap information), id 0xc0000005, EXCEPTION_ACCESS_VIOLATION (0xc0000005) at pc=0x00007ff8d0073559]

GC Heap History (0 events):
No events

Deoptimization events (0 events):
No events

Classes unloaded (0 events):
No events

Classes redefined (0 events):
No events

Internal exceptions (0 events):
No events

VM Operations (0 events):
No events

Events (1 events):
Event: 0.004 Loaded shared library C:\Program Files\Java\jdk-17\bin\java.dll


Dynamic libraries:
0x00007ff765010000 - 0x00007ff765020000 	C:\Program Files\Java\jdk-17\bin\java.exe
0x00007ff90cb90000 - 0x00007ff90cda7000 	C:\Windows\SYSTEM32\ntdll.dll
0x00007ff90b0b0000 - 0x00007ff90b174000 	C:\Windows\System32\KERNEL32.DLL
0x00007ff90a1b0000 - 0x00007ff90a56a000 	C:\Windows\System32\KERNELBASE.dll
0x00007ff90a760000 - 0x00007ff90a871000 	C:\Windows\System32\ucrtbase.dll
0x00007ff8d1b90000 - 0x00007ff8d1bab000 	C:\Program Files\Java\jdk-17\bin\VCRUNTIME140.dll
0x00007ff8964c0000 - 0x00007ff8964d9000 	C:\Program Files\Java\jdk-17\bin\jli.dll
0x00007ff90ca90000 - 0x00007ff90cb42000 	C:\Windows\System32\ADVAPI32.dll
0x00007ff90aec0000 - 0x00007ff90af67000 	C:\Windows\System32\msvcrt.dll
0x00007ff90c640000 - 0x00007ff90c6e7000 	C:\Windows\System32\sechost.dll
0x00007ff90a180000 - 0x00007ff90a1a8000 	C:\Windows\System32\bcrypt.dll
0x00007ff90bf80000 - 0x00007ff90c094000 	C:\Windows\System32\RPCRT4.dll
0x00007ff90b180000 - 0x00007ff90b32e000 	C:\Windows\System32\USER32.dll
0x00007ff90a610000 - 0x00007ff90a636000 	C:\Windows\System32\win32u.dll
0x00007ff8f5800000 - 0x00007ff8f5a92000 	C:\Windows\WinSxS\amd64_microsoft.windows.common-controls_6595b64144ccf1df_6.0.22621.4541_none_2710d1c57384c085\COMCTL32.dll
0x00007ff90c530000 - 0x00007ff90c559000 	C:\Windows\System32\GDI32.dll
0x00007ff90a640000 - 0x00007ff90a75b000 	C:\Windows\System32\gdi32full.dll
0x00007ff90a570000 - 0x00007ff90a60a000 	C:\Windows\System32\msvcp_win.dll
0x00007ff902a70000 - 0x00007ff902a7a000 	C:\Windows\SYSTEM32\VERSION.dll
0x00007ff90c4f0000 - 0x00007ff90c521000 	C:\Windows\System32\IMM32.DLL
0x00007ff903ac0000 - 0x00007ff903acc000 	C:\Program Files\Java\jdk-17\bin\vcruntime140_1.dll
0x00007ff8d17b0000 - 0x00007ff8d183e000 	C:\Program Files\Java\jdk-17\bin\msvcp140.dll
0x00007ff8cf9a0000 - 0x00007ff8d0580000 	C:\Program Files\Java\jdk-17\bin\server\jvm.dll
0x00007ff90b350000 - 0x00007ff90b358000 	C:\Windows\System32\PSAPI.DLL
0x00007ff903ad0000 - 0x00007ff903ad9000 	C:\Windows\SYSTEM32\WSOCK32.dll
0x00007ff902cd0000 - 0x00007ff902d04000 	C:\Windows\SYSTEM32\WINMM.dll
0x00007ff90c560000 - 0x00007ff90c5d1000 	C:\Windows\System32\WS2_32.dll
0x00007ff908f20000 - 0x00007ff908f38000 	C:\Windows\SYSTEM32\kernel.appcore.dll
0x00007ff8e6b00000 - 0x00007ff8e6b0a000 	C:\Program Files\Java\jdk-17\bin\jimage.dll
0x00007ff9076f0000 - 0x00007ff907922000 	C:\Windows\SYSTEM32\DBGHELP.DLL
0x00007ff90c6f0000 - 0x00007ff90ca81000 	C:\Windows\System32\combase.dll
0x00007ff90a910000 - 0x00007ff90a9e7000 	C:\Windows\System32\OLEAUT32.dll
0x00007ff8fd820000 - 0x00007ff8fd852000 	C:\Windows\SYSTEM32\dbgcore.DLL
0x00007ff909f90000 - 0x00007ff90a00b000 	C:\Windows\System32\bcryptPrimitives.dll
0x00007ff8d1b20000 - 0x00007ff8d1b45000 	C:\Program Files\Java\jdk-17\bin\java.dll

dbghelp: loaded successfully - version: 4.0.5 - missing functions: none
symbol engine: initialized successfully - sym options: 0x614 - pdb path: .;C:\Program Files\Java\jdk-17\bin;C:\Windows\SYSTEM32;C:\Windows\WinSxS\amd64_microsoft.windows.common-controls_6595b64144ccf1df_6.0.22621.4541_none_2710d1c57384c085;C:\Program Files\Java\jdk-17\bin\server

VM Arguments:
jvm_args: -Dclassworlds.conf=C:\Program Files\NetBeans-21\netbeans\java\maven\bin\m2.conf -Dmaven.home=C:\Program Files\NetBeans-21\netbeans\java\maven -Dlibrary.jansi.path=C:\Program Files\NetBeans-21\netbeans\java\maven\lib\jansi-native -Dmaven.multiModuleProjectDirectory=A:\SOF2042\Poly 
java_command: org.codehaus.plexus.classworlds.launcher.Launcher -Dexec.vmArgs= -Dexec.args=${exec.vmArgs} -classpath %classpath ${exec.mainClass} ${exec.appArgs} -Dexec.executable=C:\Program Files\Java\jdk-17\bin\java.exe -Dexec.mainClass=com.edusys.ui.EduSysJFrame -Dexec.classpathScope=runtime -Dexec.appArgs= -Dmaven.ext.class.path=C:\Program Files\NetBeans-21\netbeans\java\maven-nblib\netbeans-eventspy.jar --no-transfer-progress process-classes org.codehaus.mojo:exec-maven-plugin:3.1.0:exec
java_class_path (initial): C:\Program Files\NetBeans-21\netbeans\java\maven\boot\plexus-classworlds-2.7.0.jar
Launcher Type: SUN_STANDARD

[Global flags]
     intx CICompilerCount                          = 4                                         {product} {ergonomic}
     uint ConcGCThreads                            = 3                                         {product} {ergonomic}
     uint G1ConcRefinementThreads                  = 10                                        {product} {ergonomic}
   size_t G1HeapRegionSize                         = 1048576                                   {product} {ergonomic}
    uintx GCDrainStackTargetSize                   = 64                                        {product} {ergonomic}
   size_t InitialHeapSize                          = 130023424                                 {product} {ergonomic}
   size_t MarkStackSize                            = 4194304                                   {product} {ergonomic}
   size_t MaxHeapSize                              = 2076180480                                {product} {ergonomic}
   size_t MinHeapDeltaBytes                        = 1048576                                   {product} {ergonomic}
   size_t MinHeapSize                              = 8388608                                   {product} {ergonomic}
    uintx NonNMethodCodeHeapSize                   = 5839372                                {pd product} {ergonomic}
    uintx NonProfiledCodeHeapSize                  = 122909434                              {pd product} {ergonomic}
    uintx ProfiledCodeHeapSize                     = 122909434                              {pd product} {ergonomic}
    uintx ReservedCodeCacheSize                    = 251658240                              {pd product} {ergonomic}
     bool SegmentedCodeCache                       = true                                      {product} {ergonomic}
   size_t SoftMaxHeapSize                          = 2076180480                             {manageable} {ergonomic}
     bool UseCompressedClassPointers               = true                           {product lp64_product} {ergonomic}
     bool UseCompressedOops                        = true                           {product lp64_product} {ergonomic}
     bool UseG1GC                                  = true                                      {product} {ergonomic}
     bool UseLargePagesIndividualAllocation        = false                                  {pd product} {ergonomic}

Logging:
Log output configuration:
 #0: stdout all=warning uptime,level,tags
 #1: stderr all=off uptime,level,tags

Environment Variables:
JAVA_HOME=C:\Program Files\Java\jdk-17
PATH=C:\Program Files\Microsoft MPI\Bin\;C:\Program Files\Common Files\Oracle\Java\javapath;C:\Windows\system32;C:\Windows;C:\Windows\System32\Wbem;C:\Windows\System32\WindowsPowerShell\v1.0\;C:\Windows\System32\OpenSSH\;C:\Program Files (x86)\NVIDIA Corporation\PhysX\Common;C:\Program Files\NVIDIA Corporation\NVIDIA NvDLISR;C:\Program Files\dotnet\;C:\Program Files (x86)\Microsoft SQL Server\160\Tools\Binn\;C:\Program Files\Microsoft SQL Server\160\Tools\Binn\;C:\Program Files\Microsoft SQL Server\Client SDK\ODBC\170\Tools\Binn\;C:\Program Files\Microsoft SQL Server\160\DTS\Binn\;C:\Program Files\Git\cmd;C:\Program Files (x86)\Microsoft SQL Server\160\DTS\Binn\;C:\Program Files\MySQL\MySQL Shell 8.0\bin\;C:\Users\Trong Tinh\AppData\Local\Microsoft\WindowsApps
USERNAME=Trong Tinh
OS=Windows_NT
PROCESSOR_IDENTIFIER=Intel64 Family 6 Model 141 Stepping 1, GenuineIntel



---------------  S Y S T E M  ---------------

OS:
 Windows 11 , 64 bit Build 22621 (10.0.22621.4391)
OS uptime: 0 days 0:02 hours

CPU: total 12 (initial active 12) (6 cores per cpu, 2 threads per core) family 6 model 141 stepping 1 microcode 0x50, cx8, cmov, fxsr, ht, mmx, 3dnowpref, sse, sse2, sse3, ssse3, sse4.1, sse4.2, popcnt, lzcnt, tsc, tscinvbit, avx, avx2, aes, erms, clmul, bmi1, bmi2, adx, avx512f, avx512dq, avx512cd, avx512bw, avx512vl, sha, fma, vzeroupper, avx512_vpopcntdq, avx512_vpclmulqdq, avx512_vaes, avx512_vnni, clflush, clflushopt, clwb, avx512_vbmi2, avx512_vbmi

Memory: 4k page, system-wide physical 7914M (1878M free)
TotalPageFile size 9962M (AvailPageFile size 55M)
current process WorkingSet (physical memory assigned to process): 11M, peak: 11M
current process commit charge ("private bytes"): 64M, peak: 188M

vm_info: Java HotSpot(TM) 64-Bit Server VM (17.0.11+7-LTS-207) for windows-amd64 JRE (17.0.11+7-LTS-207), built on Mar 11 2024 19:01:50 by "mach5one" with MS VC++ 17.6 (VS2022)

END.
