#
# There is insufficient memory for the Java Runtime Environment to continue.
# Native memory allocation (malloc) failed to allocate 116176 bytes for Chunk::new
# Possible reasons:
#   The system is out of physical RAM or swap space
#   The process is running with CompressedOops enabled, and the Java Heap may be blocking the growth of the native heap
# Possible solutions:
#   Reduce memory load on the system
#   Increase physical memory or swap space
#   Check if swap backing store is full
#   Decrease Java heap size (-Xmx/-Xms)
#   Decrease number of Java threads
#   Decrease Java thread stack sizes (-Xss)
#   Set larger code cache with -XX:ReservedCodeCacheSize=
#   JVM is running with Unscaled Compressed Oops mode in which the Java heap is
#     placed in the first 4GB address space. The Java Heap base address is the
#     maximum limit for the native heap growth. Please use -XX:HeapBaseMinAddress
#     to set the Java Heap base and to place the Java Heap above 4GB virtual address.
# This output file may be truncated or incomplete.
#
#  Out of Memory Error (arena.cpp:189), pid=5556, tid=11448
#
# JRE version: Java(TM) SE Runtime Environment (17.0.11+7) (build 17.0.11+7-LTS-207)
# Java VM: Java HotSpot(TM) 64-Bit Server VM (17.0.11+7-LTS-207, mixed mode, tiered, compressed oops, compressed class ptrs, g1 gc, windows-amd64)
# No core dump will be written. Minidumps are not enabled by default on client versions of Windows
#

---------------  S U M M A R Y ------------

Command Line: -Dclassworlds.conf=C:\Program Files\NetBeans-21\netbeans\java\maven\bin\m2.conf -Dmaven.home=C:\Program Files\NetBeans-21\netbeans\java\maven -Dlibrary.jansi.path=C:\Program Files\NetBeans-21\netbeans\java\maven\lib\jansi-native -Dmaven.multiModuleProjectDirectory=A:\SOF2042\Poly org.codehaus.plexus.classworlds.launcher.Launcher -Dexec.vmArgs= -Dexec.args=${exec.vmArgs} -classpath %classpath ${exec.mainClass} ${exec.appArgs} -Dexec.executable=C:\Program Files\Java\jdk-17\bin\java.exe -Dexec.mainClass=com.edusys.ui.TranBoNhoLyrics -Dexec.classpathScope=runtime -Dexec.appArgs= -Dmaven.ext.class.path=C:\Program Files\NetBeans-21\netbeans\java\maven-nblib\netbeans-eventspy.jar --no-transfer-progress process-classes org.codehaus.mojo:exec-maven-plugin:3.1.0:exec

Host: 11th Gen Intel(R) Core(TM) i5-11400H @ 2.70GHz, 12 cores, 7G,  Windows 11 , 64 bit Build 22621 (10.0.22621.4391)
Time: Sat Jan 25 21:47:17 2025 SE Asia Standard Time elapsed time: 0.306082 seconds (0d 0h 0m 0s)

---------------  T H R E A D  ---------------

Current thread (0x000001c9933fe580):  JavaThread "C2 CompilerThread1" daemon [_thread_in_native, id=11448, stack(0x00000067f1c00000,0x00000067f1d00000)]


Current CompileTask:
C2:    306  425       4       java.lang.StringLatin1::replace (198 bytes)

Stack: [0x00000067f1c00000,0x00000067f1d00000]
Native frames: (J=compiled Java code, j=interpreted, Vv=VM code, C=native code)
V  [jvm.dll+0x679cca]
V  [jvm.dll+0x7da13d]
V  [jvm.dll+0x7dba83]
V  [jvm.dll+0x7dc0f3]
V  [jvm.dll+0x2449af]
V  [jvm.dll+0xab83b]
V  [jvm.dll+0xabe1c]
V  [jvm.dll+0x3615ae]
V  [jvm.dll+0x32bd61]
V  [jvm.dll+0x32b1fa]
V  [jvm.dll+0x2161df]
V  [jvm.dll+0x21560f]
V  [jvm.dll+0x1a2040]
V  [jvm.dll+0x225a2b]
V  [jvm.dll+0x223bcb]
V  [jvm.dll+0x7903ec]
V  [jvm.dll+0x78a85a]
V  [jvm.dll+0x678bb5]
C  [ucrtbase.dll+0x29333]
C  [KERNEL32.DLL+0x1259d]
C  [ntdll.dll+0x5af38]


---------------  P R O C E S S  ---------------

Threads class SMR info:
_java_thread_list=0x000001c993259800, length=13, elements={
0x000001c9f06f4c80, 0x000001c993026020, 0x000001c9930269e0, 0x000001c9ffb19830,
0x000001c9ffb1a1f0, 0x000001c9ffb1cbc0, 0x000001c9ffb1d580, 0x000001c9ffb1e320,
0x000001c99304b010, 0x000001c99304b920, 0x000001c9931c1670, 0x000001c9931cfe50,
0x000001c9933fe580
}

Java Threads: ( => current thread )
  0x000001c9f06f4c80 JavaThread "main" [_thread_in_Java, id=3684, stack(0x00000067f0900000,0x00000067f0a00000)]
  0x000001c993026020 JavaThread "Reference Handler" daemon [_thread_blocked, id=8584, stack(0x00000067f1000000,0x00000067f1100000)]
  0x000001c9930269e0 JavaThread "Finalizer" daemon [_thread_blocked, id=17160, stack(0x00000067f1100000,0x00000067f1200000)]
  0x000001c9ffb19830 JavaThread "Signal Dispatcher" daemon [_thread_blocked, id=17964, stack(0x00000067f1200000,0x00000067f1300000)]
  0x000001c9ffb1a1f0 JavaThread "Attach Listener" daemon [_thread_blocked, id=12348, stack(0x00000067f1300000,0x00000067f1400000)]
  0x000001c9ffb1cbc0 JavaThread "Service Thread" daemon [_thread_blocked, id=9720, stack(0x00000067f1400000,0x00000067f1500000)]
  0x000001c9ffb1d580 JavaThread "Monitor Deflation Thread" daemon [_thread_blocked, id=1764, stack(0x00000067f1500000,0x00000067f1600000)]
  0x000001c9ffb1e320 JavaThread "C2 CompilerThread0" daemon [_thread_in_native, id=12264, stack(0x00000067f1600000,0x00000067f1700000)]
  0x000001c99304b010 JavaThread "C1 CompilerThread0" daemon [_thread_in_native, id=13704, stack(0x00000067f1700000,0x00000067f1800000)]
  0x000001c99304b920 JavaThread "Sweeper thread" daemon [_thread_blocked, id=19160, stack(0x00000067f1800000,0x00000067f1900000)]
  0x000001c9931c1670 JavaThread "Notification Thread" daemon [_thread_blocked, id=12964, stack(0x00000067f1900000,0x00000067f1a00000)]
  0x000001c9931cfe50 JavaThread "Common-Cleaner" daemon [_thread_blocked, id=1828, stack(0x00000067f1b00000,0x00000067f1c00000)]
=>0x000001c9933fe580 JavaThread "C2 CompilerThread1" daemon [_thread_in_native, id=11448, stack(0x00000067f1c00000,0x00000067f1d00000)]

Other Threads:
  0x000001c9ffabf4a0 VMThread "VM Thread" [stack: 0x00000067f0f00000,0x00000067f1000000] [id=1396]
  0x000001c9931cfbc0 WatcherThread [stack: 0x00000067f1a00000,0x00000067f1b00000] [id=1624]
  0x000001c9f074e4b0 GCTaskThread "GC Thread#0" [stack: 0x00000067f0a00000,0x00000067f0b00000] [id=15464]
  0x000001c9f075eb80 ConcurrentGCThread "G1 Main Marker" [stack: 0x00000067f0b00000,0x00000067f0c00000] [id=19180]
  0x000001c9f075f590 ConcurrentGCThread "G1 Conc#0" [stack: 0x00000067f0c00000,0x00000067f0d00000] [id=16588]
  0x000001c9f07be190 ConcurrentGCThread "G1 Refine#0" [stack: 0x00000067f0d00000,0x00000067f0e00000] [id=21036]
  0x000001c9f07bebc0 ConcurrentGCThread "G1 Service" [stack: 0x00000067f0e00000,0x00000067f0f00000] [id=19860]

Threads with active compile tasks:
C2 CompilerThread0      313  439       4       jdk.internal.jimage.ImageStringsReader::unmaskedHashCode (166 bytes)
C1 CompilerThread0      313  429       3       java.net.URLStreamHandler::parseURL (1201 bytes)
C2 CompilerThread1      313  425       4       java.lang.StringLatin1::replace (198 bytes)

VM state: not at safepoint (normal execution)

VM Mutex/Monitor currently owned by a thread: None

Heap address: 0x0000000084400000, size: 1980 MB, Compressed Oops mode: 32-bit

CDS archive(s) not mapped
Compressed class space mapped at: 0x0000000100000000-0x0000000140000000, reserved size: 1073741824
Narrow klass base: 0x0000000000000000, Narrow klass shift: 3, Narrow klass range: 0x140000000

GC Precious Log:
 CPUs: 12 total, 12 available
 Memory: 7914M
 Large Page Support: Disabled
 NUMA Support: Disabled
 Compressed Oops: Enabled (32-bit)
 Heap Region Size: 1M
 Heap Min Capacity: 8M
 Heap Initial Capacity: 124M
 Heap Max Capacity: 1980M
 Pre-touch: Disabled
 Parallel Workers: 10
 Concurrent Workers: 3
 Concurrent Refinement Workers: 10
 Periodic GC: Disabled

Heap:
 garbage-first heap   total 126976K, used 5120K [0x0000000084400000, 0x0000000100000000)
  region size 1024K, 7 young (7168K), 0 survivors (0K)
 Metaspace       used 8141K, committed 8256K, reserved 1114112K
  class space    used 705K, committed 768K, reserved 1048576K

Heap Regions: E=young(eden), S=young(survivor), O=old, HS=humongous(starts), HC=humongous(continues), CS=collection set, F=free, OA=open archive, CA=closed archive, TAMS=top-at-mark-start (previous, next)
|   0|0x0000000084400000, 0x0000000084400000, 0x0000000084500000|  0%| F|  |TAMS 0x0000000084400000, 0x0000000084400000| Untracked 
|   1|0x0000000084500000, 0x0000000084500000, 0x0000000084600000|  0%| F|  |TAMS 0x0000000084500000, 0x0000000084500000| Untracked 
|   2|0x0000000084600000, 0x0000000084600000, 0x0000000084700000|  0%| F|  |TAMS 0x0000000084600000, 0x0000000084600000| Untracked 
|   3|0x0000000084700000, 0x0000000084700000, 0x0000000084800000|  0%| F|  |TAMS 0x0000000084700000, 0x0000000084700000| Untracked 
|   4|0x0000000084800000, 0x0000000084800000, 0x0000000084900000|  0%| F|  |TAMS 0x0000000084800000, 0x0000000084800000| Untracked 
|   5|0x0000000084900000, 0x0000000084900000, 0x0000000084a00000|  0%| F|  |TAMS 0x0000000084900000, 0x0000000084900000| Untracked 
|   6|0x0000000084a00000, 0x0000000084a00000, 0x0000000084b00000|  0%| F|  |TAMS 0x0000000084a00000, 0x0000000084a00000| Untracked 
|   7|0x0000000084b00000, 0x0000000084b00000, 0x0000000084c00000|  0%| F|  |TAMS 0x0000000084b00000, 0x0000000084b00000| Untracked 
|   8|0x0000000084c00000, 0x0000000084c00000, 0x0000000084d00000|  0%| F|  |TAMS 0x0000000084c00000, 0x0000000084c00000| Untracked 
|   9|0x0000000084d00000, 0x0000000084d00000, 0x0000000084e00000|  0%| F|  |TAMS 0x0000000084d00000, 0x0000000084d00000| Untracked 
|  10|0x0000000084e00000, 0x0000000084e00000, 0x0000000084f00000|  0%| F|  |TAMS 0x0000000084e00000, 0x0000000084e00000| Untracked 
|  11|0x0000000084f00000, 0x0000000084f00000, 0x0000000085000000|  0%| F|  |TAMS 0x0000000084f00000, 0x0000000084f00000| Untracked 
|  12|0x0000000085000000, 0x0000000085000000, 0x0000000085100000|  0%| F|  |TAMS 0x0000000085000000, 0x0000000085000000| Untracked 
|  13|0x0000000085100000, 0x0000000085100000, 0x0000000085200000|  0%| F|  |TAMS 0x0000000085100000, 0x0000000085100000| Untracked 
|  14|0x0000000085200000, 0x0000000085200000, 0x0000000085300000|  0%| F|  |TAMS 0x0000000085200000, 0x0000000085200000| Untracked 
|  15|0x0000000085300000, 0x0000000085300000, 0x0000000085400000|  0%| F|  |TAMS 0x0000000085300000, 0x0000000085300000| Untracked 
|  16|0x0000000085400000, 0x0000000085400000, 0x0000000085500000|  0%| F|  |TAMS 0x0000000085400000, 0x0000000085400000| Untracked 
|  17|0x0000000085500000, 0x0000000085500000, 0x0000000085600000|  0%| F|  |TAMS 0x0000000085500000, 0x0000000085500000| Untracked 
|  18|0x0000000085600000, 0x0000000085600000, 0x0000000085700000|  0%| F|  |TAMS 0x0000000085600000, 0x0000000085600000| Untracked 
|  19|0x0000000085700000, 0x0000000085700000, 0x0000000085800000|  0%| F|  |TAMS 0x0000000085700000, 0x0000000085700000| Untracked 
|  20|0x0000000085800000, 0x0000000085800000, 0x0000000085900000|  0%| F|  |TAMS 0x0000000085800000, 0x0000000085800000| Untracked 
|  21|0x0000000085900000, 0x0000000085900000, 0x0000000085a00000|  0%| F|  |TAMS 0x0000000085900000, 0x0000000085900000| Untracked 
|  22|0x0000000085a00000, 0x0000000085a00000, 0x0000000085b00000|  0%| F|  |TAMS 0x0000000085a00000, 0x0000000085a00000| Untracked 
|  23|0x0000000085b00000, 0x0000000085b00000, 0x0000000085c00000|  0%| F|  |TAMS 0x0000000085b00000, 0x0000000085b00000| Untracked 
|  24|0x0000000085c00000, 0x0000000085c00000, 0x0000000085d00000|  0%| F|  |TAMS 0x0000000085c00000, 0x0000000085c00000| Untracked 
|  25|0x0000000085d00000, 0x0000000085d00000, 0x0000000085e00000|  0%| F|  |TAMS 0x0000000085d00000, 0x0000000085d00000| Untracked 
|  26|0x0000000085e00000, 0x0000000085e00000, 0x0000000085f00000|  0%| F|  |TAMS 0x0000000085e00000, 0x0000000085e00000| Untracked 
|  27|0x0000000085f00000, 0x0000000085f00000, 0x0000000086000000|  0%| F|  |TAMS 0x0000000085f00000, 0x0000000085f00000| Untracked 
|  28|0x0000000086000000, 0x0000000086000000, 0x0000000086100000|  0%| F|  |TAMS 0x0000000086000000, 0x0000000086000000| Untracked 
|  29|0x0000000086100000, 0x0000000086100000, 0x0000000086200000|  0%| F|  |TAMS 0x0000000086100000, 0x0000000086100000| Untracked 
|  30|0x0000000086200000, 0x0000000086200000, 0x0000000086300000|  0%| F|  |TAMS 0x0000000086200000, 0x0000000086200000| Untracked 
|  31|0x0000000086300000, 0x0000000086300000, 0x0000000086400000|  0%| F|  |TAMS 0x0000000086300000, 0x0000000086300000| Untracked 
|  32|0x0000000086400000, 0x0000000086400000, 0x0000000086500000|  0%| F|  |TAMS 0x0000000086400000, 0x0000000086400000| Untracked 
|  33|0x0000000086500000, 0x0000000086500000, 0x0000000086600000|  0%| F|  |TAMS 0x0000000086500000, 0x0000000086500000| Untracked 
|  34|0x0000000086600000, 0x0000000086600000, 0x0000000086700000|  0%| F|  |TAMS 0x0000000086600000, 0x0000000086600000| Untracked 
|  35|0x0000000086700000, 0x0000000086700000, 0x0000000086800000|  0%| F|  |TAMS 0x0000000086700000, 0x0000000086700000| Untracked 
|  36|0x0000000086800000, 0x0000000086800000, 0x0000000086900000|  0%| F|  |TAMS 0x0000000086800000, 0x0000000086800000| Untracked 
|  37|0x0000000086900000, 0x0000000086900000, 0x0000000086a00000|  0%| F|  |TAMS 0x0000000086900000, 0x0000000086900000| Untracked 
|  38|0x0000000086a00000, 0x0000000086a00000, 0x0000000086b00000|  0%| F|  |TAMS 0x0000000086a00000, 0x0000000086a00000| Untracked 
|  39|0x0000000086b00000, 0x0000000086b00000, 0x0000000086c00000|  0%| F|  |TAMS 0x0000000086b00000, 0x0000000086b00000| Untracked 
|  40|0x0000000086c00000, 0x0000000086c00000, 0x0000000086d00000|  0%| F|  |TAMS 0x0000000086c00000, 0x0000000086c00000| Untracked 
|  41|0x0000000086d00000, 0x0000000086d00000, 0x0000000086e00000|  0%| F|  |TAMS 0x0000000086d00000, 0x0000000086d00000| Untracked 
|  42|0x0000000086e00000, 0x0000000086e00000, 0x0000000086f00000|  0%| F|  |TAMS 0x0000000086e00000, 0x0000000086e00000| Untracked 
|  43|0x0000000086f00000, 0x0000000086f00000, 0x0000000087000000|  0%| F|  |TAMS 0x0000000086f00000, 0x0000000086f00000| Untracked 
|  44|0x0000000087000000, 0x0000000087000000, 0x0000000087100000|  0%| F|  |TAMS 0x0000000087000000, 0x0000000087000000| Untracked 
|  45|0x0000000087100000, 0x0000000087100000, 0x0000000087200000|  0%| F|  |TAMS 0x0000000087100000, 0x0000000087100000| Untracked 
|  46|0x0000000087200000, 0x0000000087200000, 0x0000000087300000|  0%| F|  |TAMS 0x0000000087200000, 0x0000000087200000| Untracked 
|  47|0x0000000087300000, 0x0000000087300000, 0x0000000087400000|  0%| F|  |TAMS 0x0000000087300000, 0x0000000087300000| Untracked 
|  48|0x0000000087400000, 0x0000000087400000, 0x0000000087500000|  0%| F|  |TAMS 0x0000000087400000, 0x0000000087400000| Untracked 
|  49|0x0000000087500000, 0x0000000087500000, 0x0000000087600000|  0%| F|  |TAMS 0x0000000087500000, 0x0000000087500000| Untracked 
|  50|0x0000000087600000, 0x0000000087600000, 0x0000000087700000|  0%| F|  |TAMS 0x0000000087600000, 0x0000000087600000| Untracked 
|  51|0x0000000087700000, 0x0000000087700000, 0x0000000087800000|  0%| F|  |TAMS 0x0000000087700000, 0x0000000087700000| Untracked 
|  52|0x0000000087800000, 0x0000000087800000, 0x0000000087900000|  0%| F|  |TAMS 0x0000000087800000, 0x0000000087800000| Untracked 
|  53|0x0000000087900000, 0x0000000087900000, 0x0000000087a00000|  0%| F|  |TAMS 0x0000000087900000, 0x0000000087900000| Untracked 
|  54|0x0000000087a00000, 0x0000000087a00000, 0x0000000087b00000|  0%| F|  |TAMS 0x0000000087a00000, 0x0000000087a00000| Untracked 
|  55|0x0000000087b00000, 0x0000000087b00000, 0x0000000087c00000|  0%| F|  |TAMS 0x0000000087b00000, 0x0000000087b00000| Untracked 
|  56|0x0000000087c00000, 0x0000000087c00000, 0x0000000087d00000|  0%| F|  |TAMS 0x0000000087c00000, 0x0000000087c00000| Untracked 
|  57|0x0000000087d00000, 0x0000000087d00000, 0x0000000087e00000|  0%| F|  |TAMS 0x0000000087d00000, 0x0000000087d00000| Untracked 
|  58|0x0000000087e00000, 0x0000000087e00000, 0x0000000087f00000|  0%| F|  |TAMS 0x0000000087e00000, 0x0000000087e00000| Untracked 
|  59|0x0000000087f00000, 0x0000000087f00000, 0x0000000088000000|  0%| F|  |TAMS 0x0000000087f00000, 0x0000000087f00000| Untracked 
|  60|0x0000000088000000, 0x0000000088000000, 0x0000000088100000|  0%| F|  |TAMS 0x0000000088000000, 0x0000000088000000| Untracked 
|  61|0x0000000088100000, 0x0000000088100000, 0x0000000088200000|  0%| F|  |TAMS 0x0000000088100000, 0x0000000088100000| Untracked 
|  62|0x0000000088200000, 0x0000000088200000, 0x0000000088300000|  0%| F|  |TAMS 0x0000000088200000, 0x0000000088200000| Untracked 
|  63|0x0000000088300000, 0x0000000088300000, 0x0000000088400000|  0%| F|  |TAMS 0x0000000088300000, 0x0000000088300000| Untracked 
|  64|0x0000000088400000, 0x0000000088400000, 0x0000000088500000|  0%| F|  |TAMS 0x0000000088400000, 0x0000000088400000| Untracked 
|  65|0x0000000088500000, 0x0000000088500000, 0x0000000088600000|  0%| F|  |TAMS 0x0000000088500000, 0x0000000088500000| Untracked 
|  66|0x0000000088600000, 0x0000000088600000, 0x0000000088700000|  0%| F|  |TAMS 0x0000000088600000, 0x0000000088600000| Untracked 
|  67|0x0000000088700000, 0x0000000088700000, 0x0000000088800000|  0%| F|  |TAMS 0x0000000088700000, 0x0000000088700000| Untracked 
|  68|0x0000000088800000, 0x0000000088800000, 0x0000000088900000|  0%| F|  |TAMS 0x0000000088800000, 0x0000000088800000| Untracked 
|  69|0x0000000088900000, 0x0000000088900000, 0x0000000088a00000|  0%| F|  |TAMS 0x0000000088900000, 0x0000000088900000| Untracked 
|  70|0x0000000088a00000, 0x0000000088a00000, 0x0000000088b00000|  0%| F|  |TAMS 0x0000000088a00000, 0x0000000088a00000| Untracked 
|  71|0x0000000088b00000, 0x0000000088b00000, 0x0000000088c00000|  0%| F|  |TAMS 0x0000000088b00000, 0x0000000088b00000| Untracked 
|  72|0x0000000088c00000, 0x0000000088c00000, 0x0000000088d00000|  0%| F|  |TAMS 0x0000000088c00000, 0x0000000088c00000| Untracked 
|  73|0x0000000088d00000, 0x0000000088d00000, 0x0000000088e00000|  0%| F|  |TAMS 0x0000000088d00000, 0x0000000088d00000| Untracked 
|  74|0x0000000088e00000, 0x0000000088e00000, 0x0000000088f00000|  0%| F|  |TAMS 0x0000000088e00000, 0x0000000088e00000| Untracked 
|  75|0x0000000088f00000, 0x0000000088f00000, 0x0000000089000000|  0%| F|  |TAMS 0x0000000088f00000, 0x0000000088f00000| Untracked 
|  76|0x0000000089000000, 0x0000000089000000, 0x0000000089100000|  0%| F|  |TAMS 0x0000000089000000, 0x0000000089000000| Untracked 
|  77|0x0000000089100000, 0x0000000089100000, 0x0000000089200000|  0%| F|  |TAMS 0x0000000089100000, 0x0000000089100000| Untracked 
|  78|0x0000000089200000, 0x0000000089200000, 0x0000000089300000|  0%| F|  |TAMS 0x0000000089200000, 0x0000000089200000| Untracked 
|  79|0x0000000089300000, 0x0000000089300000, 0x0000000089400000|  0%| F|  |TAMS 0x0000000089300000, 0x0000000089300000| Untracked 
|  80|0x0000000089400000, 0x0000000089400000, 0x0000000089500000|  0%| F|  |TAMS 0x0000000089400000, 0x0000000089400000| Untracked 
|  81|0x0000000089500000, 0x0000000089500000, 0x0000000089600000|  0%| F|  |TAMS 0x0000000089500000, 0x0000000089500000| Untracked 
|  82|0x0000000089600000, 0x0000000089600000, 0x0000000089700000|  0%| F|  |TAMS 0x0000000089600000, 0x0000000089600000| Untracked 
|  83|0x0000000089700000, 0x0000000089700000, 0x0000000089800000|  0%| F|  |TAMS 0x0000000089700000, 0x0000000089700000| Untracked 
|  84|0x0000000089800000, 0x0000000089800000, 0x0000000089900000|  0%| F|  |TAMS 0x0000000089800000, 0x0000000089800000| Untracked 
|  85|0x0000000089900000, 0x0000000089900000, 0x0000000089a00000|  0%| F|  |TAMS 0x0000000089900000, 0x0000000089900000| Untracked 
|  86|0x0000000089a00000, 0x0000000089a00000, 0x0000000089b00000|  0%| F|  |TAMS 0x0000000089a00000, 0x0000000089a00000| Untracked 
|  87|0x0000000089b00000, 0x0000000089b00000, 0x0000000089c00000|  0%| F|  |TAMS 0x0000000089b00000, 0x0000000089b00000| Untracked 
|  88|0x0000000089c00000, 0x0000000089c00000, 0x0000000089d00000|  0%| F|  |TAMS 0x0000000089c00000, 0x0000000089c00000| Untracked 
|  89|0x0000000089d00000, 0x0000000089d00000, 0x0000000089e00000|  0%| F|  |TAMS 0x0000000089d00000, 0x0000000089d00000| Untracked 
|  90|0x0000000089e00000, 0x0000000089e00000, 0x0000000089f00000|  0%| F|  |TAMS 0x0000000089e00000, 0x0000000089e00000| Untracked 
|  91|0x0000000089f00000, 0x0000000089f00000, 0x000000008a000000|  0%| F|  |TAMS 0x0000000089f00000, 0x0000000089f00000| Untracked 
|  92|0x000000008a000000, 0x000000008a000000, 0x000000008a100000|  0%| F|  |TAMS 0x000000008a000000, 0x000000008a000000| Untracked 
|  93|0x000000008a100000, 0x000000008a100000, 0x000000008a200000|  0%| F|  |TAMS 0x000000008a100000, 0x000000008a100000| Untracked 
|  94|0x000000008a200000, 0x000000008a200000, 0x000000008a300000|  0%| F|  |TAMS 0x000000008a200000, 0x000000008a200000| Untracked 
|  95|0x000000008a300000, 0x000000008a300000, 0x000000008a400000|  0%| F|  |TAMS 0x000000008a300000, 0x000000008a300000| Untracked 
|  96|0x000000008a400000, 0x000000008a400000, 0x000000008a500000|  0%| F|  |TAMS 0x000000008a400000, 0x000000008a400000| Untracked 
|  97|0x000000008a500000, 0x000000008a500000, 0x000000008a600000|  0%| F|  |TAMS 0x000000008a500000, 0x000000008a500000| Untracked 
|  98|0x000000008a600000, 0x000000008a600000, 0x000000008a700000|  0%| F|  |TAMS 0x000000008a600000, 0x000000008a600000| Untracked 
|  99|0x000000008a700000, 0x000000008a700000, 0x000000008a800000|  0%| F|  |TAMS 0x000000008a700000, 0x000000008a700000| Untracked 
| 100|0x000000008a800000, 0x000000008a800000, 0x000000008a900000|  0%| F|  |TAMS 0x000000008a800000, 0x000000008a800000| Untracked 
| 101|0x000000008a900000, 0x000000008a900000, 0x000000008aa00000|  0%| F|  |TAMS 0x000000008a900000, 0x000000008a900000| Untracked 
| 102|0x000000008aa00000, 0x000000008aa00000, 0x000000008ab00000|  0%| F|  |TAMS 0x000000008aa00000, 0x000000008aa00000| Untracked 
| 103|0x000000008ab00000, 0x000000008ab00000, 0x000000008ac00000|  0%| F|  |TAMS 0x000000008ab00000, 0x000000008ab00000| Untracked 
| 104|0x000000008ac00000, 0x000000008ac00000, 0x000000008ad00000|  0%| F|  |TAMS 0x000000008ac00000, 0x000000008ac00000| Untracked 
| 105|0x000000008ad00000, 0x000000008ad00000, 0x000000008ae00000|  0%| F|  |TAMS 0x000000008ad00000, 0x000000008ad00000| Untracked 
| 106|0x000000008ae00000, 0x000000008ae00000, 0x000000008af00000|  0%| F|  |TAMS 0x000000008ae00000, 0x000000008ae00000| Untracked 
| 107|0x000000008af00000, 0x000000008af00000, 0x000000008b000000|  0%| F|  |TAMS 0x000000008af00000, 0x000000008af00000| Untracked 
| 108|0x000000008b000000, 0x000000008b000000, 0x000000008b100000|  0%| F|  |TAMS 0x000000008b000000, 0x000000008b000000| Untracked 
| 109|0x000000008b100000, 0x000000008b100000, 0x000000008b200000|  0%| F|  |TAMS 0x000000008b100000, 0x000000008b100000| Untracked 
| 110|0x000000008b200000, 0x000000008b200000, 0x000000008b300000|  0%| F|  |TAMS 0x000000008b200000, 0x000000008b200000| Untracked 
| 111|0x000000008b300000, 0x000000008b300000, 0x000000008b400000|  0%| F|  |TAMS 0x000000008b300000, 0x000000008b300000| Untracked 
| 112|0x000000008b400000, 0x000000008b400000, 0x000000008b500000|  0%| F|  |TAMS 0x000000008b400000, 0x000000008b400000| Untracked 
| 113|0x000000008b500000, 0x000000008b500000, 0x000000008b600000|  0%| F|  |TAMS 0x000000008b500000, 0x000000008b500000| Untracked 
| 114|0x000000008b600000, 0x000000008b600000, 0x000000008b700000|  0%| F|  |TAMS 0x000000008b600000, 0x000000008b600000| Untracked 
| 115|0x000000008b700000, 0x000000008b700000, 0x000000008b800000|  0%| F|  |TAMS 0x000000008b700000, 0x000000008b700000| Untracked 
| 116|0x000000008b800000, 0x000000008b800000, 0x000000008b900000|  0%| F|  |TAMS 0x000000008b800000, 0x000000008b800000| Untracked 
| 117|0x000000008b900000, 0x000000008b976460, 0x000000008ba00000| 46%| E|  |TAMS 0x000000008b900000, 0x000000008b900000| Complete 
| 118|0x000000008ba00000, 0x000000008bb00000, 0x000000008bb00000|100%| E|CS|TAMS 0x000000008ba00000, 0x000000008ba00000| Complete 
| 119|0x000000008bb00000, 0x000000008bc00000, 0x000000008bc00000|100%| E|CS|TAMS 0x000000008bb00000, 0x000000008bb00000| Complete 
| 120|0x000000008bc00000, 0x000000008bd00000, 0x000000008bd00000|100%| E|CS|TAMS 0x000000008bc00000, 0x000000008bc00000| Complete 
| 121|0x000000008bd00000, 0x000000008be00000, 0x000000008be00000|100%| E|CS|TAMS 0x000000008bd00000, 0x000000008bd00000| Complete 
| 122|0x000000008be00000, 0x000000008bf00000, 0x000000008bf00000|100%| E|  |TAMS 0x000000008be00000, 0x000000008be00000| Complete 
| 123|0x000000008bf00000, 0x000000008c000000, 0x000000008c000000|100%| E|CS|TAMS 0x000000008bf00000, 0x000000008bf00000| Complete 

Card table byte_map: [0x000001c9f88e0000,0x000001c9f8cc0000] _byte_map_base: 0x000001c9f84be000

Marking Bits (Prev, Next): (CMBitMap*) 0x000001c9f074ead0, (CMBitMap*) 0x000001c9f074eb10
 Prev Bits: [0x000001c9f90a0000, 0x000001c9faf90000)
 Next Bits: [0x000001c9faf90000, 0x000001c9fce80000)

Polling page: 0x000001c9ee4d0000

Metaspace:

Usage:
  Non-class:      7.30 MB used.
      Class:    712.50 KB used.
       Both:      7.99 MB used.

Virtual space:
  Non-class space:       64.00 MB reserved,       7.38 MB ( 12%) committed,  1 nodes.
      Class space:        1.00 GB reserved,     832.00 KB ( <1%) committed,  1 nodes.
             Both:        1.06 GB reserved,       8.19 MB ( <1%) committed. 

Chunk freelists:
   Non-Class:  8.44 MB
       Class:  15.17 MB
        Both:  23.61 MB

MaxMetaspaceSize: unlimited
CompressedClassSpaceSize: 1.00 GB
Initial GC threshold: 21.00 MB
Current GC threshold: 21.00 MB
CDS: off
MetaspaceReclaimPolicy: balanced
 - commit_granule_bytes: 65536.
 - commit_granule_words: 8192.
 - virtual_space_node_default_size: 8388608.
 - enlarge_chunks_in_place: 1.
 - new_chunks_are_fully_committed: 0.
 - uncommit_free_chunks: 1.
 - use_allocation_guard: 0.
 - handle_deallocations: 1.


Internal statistics:

num_allocs_failed_limit: 0.
num_arena_births: 16.
num_arena_deaths: 0.
num_vsnodes_births: 2.
num_vsnodes_deaths: 0.
num_space_committed: 131.
num_space_uncommitted: 0.
num_chunks_returned_to_freelist: 0.
num_chunks_taken_from_freelist: 73.
num_chunk_merges: 0.
num_chunk_splits: 41.
num_chunks_enlarged: 33.
num_inconsistent_stats: 0.

CodeHeap 'non-profiled nmethods': size=120000Kb used=131Kb max_used=131Kb free=119868Kb
 bounds [0x000001c987ad0000, 0x000001c987d40000, 0x000001c98f000000]
CodeHeap 'profiled nmethods': size=120000Kb used=624Kb max_used=624Kb free=119375Kb
 bounds [0x000001c980000000, 0x000001c980270000, 0x000001c987530000]
CodeHeap 'non-nmethods': size=5760Kb used=1129Kb max_used=1146Kb free=4631Kb
 bounds [0x000001c987530000, 0x000001c9877a0000, 0x000001c987ad0000]
 total_blobs=828 nmethods=430 adapters=311
 compilation: enabled
              stopped_count=0, restarted_count=0
 full_count=0

Compilation events (20 events):
Event: 0.299 Thread 0x000001c99304b010  418       3       java.lang.AbstractStringBuilder::appendChars (207 bytes)
Event: 0.299 Thread 0x000001c99304b010 nmethod 418 0x000001c980097f10 code [0x000001c9800981c0, 0x000001c980099148]
Event: 0.299 Thread 0x000001c99304b010  421       3       java.lang.AbstractStringBuilder::append (63 bytes)
Event: 0.300 Thread 0x000001c99304b010 nmethod 421 0x000001c980099710 code [0x000001c980099900, 0x000001c980099e48]
Event: 0.300 Thread 0x000001c99304b010  417   !   3       java.io.WinNTFileSystem::isInvalid (78 bytes)
Event: 0.300 Thread 0x000001c99304b010 nmethod 417 0x000001c980099f90 code [0x000001c98009a180, 0x000001c98009a5b8]
Event: 0.300 Thread 0x000001c99304b010  420       3       java.nio.Buffer::hasRemaining (17 bytes)
Event: 0.300 Thread 0x000001c9ffb1e320  422       4       java.lang.String::startsWith (138 bytes)
Event: 0.300 Thread 0x000001c99304b010 nmethod 420 0x000001c98009a790 code [0x000001c98009a920, 0x000001c98009aa98]
Event: 0.300 Thread 0x000001c99304b010  423       3       java.nio.ByteBuffer::position (8 bytes)
Event: 0.300 Thread 0x000001c99304b010 nmethod 423 0x000001c98009ab10 code [0x000001c98009aca0, 0x000001c98009ade8]
Event: 0.300 Thread 0x000001c99304b010  424       3       org.codehaus.plexus.classworlds.realm.ClassRealm::getClassLoadingLock (38 bytes)
Event: 0.301 Thread 0x000001c99304b010 nmethod 424 0x000001c98009ae90 code [0x000001c98009b060, 0x000001c98009b368]
Event: 0.301 Thread 0x000001c9933fe580  425       4       java.lang.StringLatin1::replace (198 bytes)
Event: 0.302 Thread 0x000001c99304b010  427       3       jdk.internal.access.SharedSecrets::javaUtilJarAccess (19 bytes)
Event: 0.302 Thread 0x000001c99304b010 nmethod 427 0x000001c98009b510 code [0x000001c98009b700, 0x000001c98009baa8]
Event: 0.302 Thread 0x000001c99304b010  428       3       sun.net.www.protocol.file.Handler::parseURL (18 bytes)
Event: 0.302 Thread 0x000001c99304b010 nmethod 428 0x000001c98009bc90 code [0x000001c98009be40, 0x000001c98009bff8]
Event: 0.302 Thread 0x000001c99304b010  429       3       java.net.URLStreamHandler::parseURL (1201 bytes)
Event: 0.303 Thread 0x000001c9ffb1e320 nmethod 422 0x000001c987aef710 code [0x000001c987aef8a0, 0x000001c987aefb98]

GC Heap History (0 events):
No events

Deoptimization events (0 events):
No events

Classes unloaded (0 events):
No events

Classes redefined (0 events):
No events

Internal exceptions (17 events):
Event: 0.175 Thread 0x000001c9f06f4c80 Exception <a 'java/lang/NoSuchMethodError'{0x000000008bea6188}: 'int java.lang.invoke.DirectMethodHandle$Holder.invokeSpecial(java.lang.Object, java.lang.Object, java.lang.Object)'> (0x000000008bea6188) 
thrown [s\open\src\hotspot\share\interpreter\linkResolver.cpp, line 759]
Event: 0.236 Thread 0x000001c9f06f4c80 Exception <a 'java/lang/NullPointerException'{0x000000008bb19d88}> (0x000000008bb19d88) 
thrown [s\open\src\hotspot\share\interpreter\linkResolver.cpp, line 1350]
Event: 0.248 Thread 0x000001c9f06f4c80 Exception <a 'java/lang/UnsatisfiedLinkError'{0x000000008bb3f4a8}> (0x000000008bb3f4a8) 
thrown [s\open\src\hotspot\share\prims\jvm.cpp, line 3383]
Event: 0.248 Thread 0x000001c9f06f4c80 Exception <a 'java/lang/UnsatisfiedLinkError'{0x000000008bb3f4a8}> (0x000000008bb3f4a8) 
thrown [s\open\src\hotspot\share\prims\jni.cpp, line 516]
Event: 0.262 Thread 0x000001c9f06f4c80 Exception <a 'java/lang/NullPointerException'{0x000000008bb5d770}> (0x000000008bb5d770) 
thrown [s\open\src\hotspot\share\interpreter\linkResolver.cpp, line 1350]
Event: 0.262 Thread 0x000001c9f06f4c80 Exception <a 'java/lang/NullPointerException'{0x000000008bb5da48}> (0x000000008bb5da48) 
thrown [s\open\src\hotspot\share\interpreter\linkResolver.cpp, line 1350]
Event: 0.262 Thread 0x000001c9f06f4c80 Exception <a 'java/lang/NullPointerException'{0x000000008bb5dd20}> (0x000000008bb5dd20) 
thrown [s\open\src\hotspot\share\interpreter\linkResolver.cpp, line 1350]
Event: 0.264 Thread 0x000001c9f06f4c80 Exception <a 'java/lang/NullPointerException'{0x000000008bb63cb0}> (0x000000008bb63cb0) 
thrown [s\open\src\hotspot\share\interpreter\linkResolver.cpp, line 1350]
Event: 0.265 Thread 0x000001c9f06f4c80 Exception <a 'java/lang/NullPointerException'{0x000000008bb79068}> (0x000000008bb79068) 
thrown [s\open\src\hotspot\share\interpreter\linkResolver.cpp, line 1350]
Event: 0.265 Thread 0x000001c9f06f4c80 Exception <a 'java/lang/NullPointerException'{0x000000008bb79340}> (0x000000008bb79340) 
thrown [s\open\src\hotspot\share\interpreter\linkResolver.cpp, line 1350]
Event: 0.265 Thread 0x000001c9f06f4c80 Exception <a 'java/lang/NullPointerException'{0x000000008bb79618}> (0x000000008bb79618) 
thrown [s\open\src\hotspot\share\interpreter\linkResolver.cpp, line 1350]
Event: 0.265 Thread 0x000001c9f06f4c80 Exception <a 'java/lang/NullPointerException'{0x000000008bb798f0}> (0x000000008bb798f0) 
thrown [s\open\src\hotspot\share\interpreter\linkResolver.cpp, line 1350]
Event: 0.270 Thread 0x000001c9f06f4c80 Exception <a 'sun/nio/fs/WindowsException'{0x000000008bba5bf0}> (0x000000008bba5bf0) 
thrown [s\open\src\hotspot\share\prims\jni.cpp, line 516]
Event: 0.270 Thread 0x000001c9f06f4c80 Exception <a 'sun/nio/fs/WindowsException'{0x000000008bba6220}> (0x000000008bba6220) 
thrown [s\open\src\hotspot\share\prims\jni.cpp, line 516]
Event: 0.270 Thread 0x000001c9f06f4c80 Exception <a 'sun/nio/fs/WindowsException'{0x000000008bba66d8}> (0x000000008bba66d8) 
thrown [s\open\src\hotspot\share\prims\jni.cpp, line 516]
Event: 0.287 Thread 0x000001c9f06f4c80 Exception <a 'java/lang/NoSuchMethodError'{0x000000008ba23f10}: 'void java.lang.invoke.DirectMethodHandle$Holder.invokeStatic(java.lang.Object, java.lang.Object, java.lang.Object)'> (0x000000008ba23f10) 
thrown [s\open\src\hotspot\share\interpreter\linkResolver.cpp, line 759]
Event: 0.293 Thread 0x000001c9f06f4c80 Exception <a 'java/lang/NoSuchMethodError'{0x000000008ba802d8}: 'int java.lang.invoke.DirectMethodHandle$Holder.invokeStatic(java.lang.Object, java.lang.Object, int)'> (0x000000008ba802d8) 
thrown [s\open\src\hotspot\share\interpreter\linkResolver.cpp, line 759]

VM Operations (6 events):
Event: 0.138 Executing VM operation: HandshakeAllThreads
Event: 0.138 Executing VM operation: HandshakeAllThreads done
Event: 0.235 Executing VM operation: HandshakeAllThreads
Event: 0.235 Executing VM operation: HandshakeAllThreads done
Event: 0.242 Executing VM operation: HandshakeAllThreads
Event: 0.243 Executing VM operation: HandshakeAllThreads done

Events (20 events):
Event: 0.300 loading class java/util/Collections$3
Event: 0.300 loading class java/util/Collections$3 done
Event: 0.300 loading class java/util/LinkedHashMap$LinkedKeySet
Event: 0.300 loading class java/util/LinkedHashMap$LinkedKeySet done
Event: 0.300 loading class java/util/LinkedHashMap$LinkedKeyIterator
Event: 0.300 loading class java/util/LinkedHashMap$LinkedKeyIterator done
Event: 0.303 loading class java/text/DateFormat
Event: 0.303 loading class java/text/Format
Event: 0.303 loading class java/text/Format done
Event: 0.303 loading class java/text/DateFormat done
Event: 0.303 loading class java/text/SimpleDateFormat
Event: 0.303 loading class java/text/SimpleDateFormat done
Event: 0.304 loading class jdk/internal/loader/URLClassPath$FileLoader$1
Event: 0.304 loading class jdk/internal/loader/URLClassPath$FileLoader$1 done
Event: 0.304 loading class sun/net/ProgressMonitor
Event: 0.305 loading class sun/net/ProgressMonitor done
Event: 0.305 loading class sun/net/DefaultProgressMeteringPolicy
Event: 0.305 loading class sun/net/ProgressMeteringPolicy
Event: 0.305 loading class sun/net/ProgressMeteringPolicy done
Event: 0.305 loading class sun/net/DefaultProgressMeteringPolicy done


Dynamic libraries:
0x00007ff66ed10000 - 0x00007ff66ed20000 	C:\Program Files\Java\jdk-17\bin\java.exe
0x00007ff9d2e90000 - 0x00007ff9d30a7000 	C:\Windows\SYSTEM32\ntdll.dll
0x00007ff9d1090000 - 0x00007ff9d1154000 	C:\Windows\System32\KERNEL32.DLL
0x00007ff9d02f0000 - 0x00007ff9d06aa000 	C:\Windows\System32\KERNELBASE.dll
0x00007ff9d0820000 - 0x00007ff9d0931000 	C:\Windows\System32\ucrtbase.dll
0x00007ff9c6010000 - 0x00007ff9c602b000 	C:\Program Files\Java\jdk-17\bin\VCRUNTIME140.dll
0x00007ff9c8950000 - 0x00007ff9c8969000 	C:\Program Files\Java\jdk-17\bin\jli.dll
0x00007ff9d11c0000 - 0x00007ff9d1272000 	C:\Windows\System32\ADVAPI32.dll
0x00007ff9d2420000 - 0x00007ff9d24c7000 	C:\Windows\System32\msvcrt.dll
0x00007ff9d1710000 - 0x00007ff9d17b7000 	C:\Windows\System32\sechost.dll
0x00007ff9d0b50000 - 0x00007ff9d0b78000 	C:\Windows\System32\bcrypt.dll
0x00007ff9d1be0000 - 0x00007ff9d1cf4000 	C:\Windows\System32\RPCRT4.dll
0x00007ff9d2270000 - 0x00007ff9d241e000 	C:\Windows\System32\USER32.dll
0x00007ff9d0940000 - 0x00007ff9d0966000 	C:\Windows\System32\win32u.dll
0x00007ff9b5560000 - 0x00007ff9b57f2000 	C:\Windows\WinSxS\amd64_microsoft.windows.common-controls_6595b64144ccf1df_6.0.22621.4541_none_2710d1c57384c085\COMCTL32.dll
0x00007ff9d1530000 - 0x00007ff9d1559000 	C:\Windows\System32\GDI32.dll
0x00007ff9d0150000 - 0x00007ff9d026b000 	C:\Windows\System32\gdi32full.dll
0x00007ff9d0ab0000 - 0x00007ff9d0b4a000 	C:\Windows\System32\msvcp_win.dll
0x00007ff9c95c0000 - 0x00007ff9c95ca000 	C:\Windows\SYSTEM32\VERSION.dll
0x00007ff9d1180000 - 0x00007ff9d11b1000 	C:\Windows\System32\IMM32.DLL
0x00007ff9c6000000 - 0x00007ff9c600c000 	C:\Program Files\Java\jdk-17\bin\vcruntime140_1.dll
0x00007ff9c1620000 - 0x00007ff9c16ae000 	C:\Program Files\Java\jdk-17\bin\msvcp140.dll
0x00007ff965060000 - 0x00007ff965c40000 	C:\Program Files\Java\jdk-17\bin\server\jvm.dll
0x00007ff9d1de0000 - 0x00007ff9d1de8000 	C:\Windows\System32\PSAPI.DLL
0x00007ff9c6120000 - 0x00007ff9c6129000 	C:\Windows\SYSTEM32\WSOCK32.dll
0x00007ff9c8da0000 - 0x00007ff9c8dd4000 	C:\Windows\SYSTEM32\WINMM.dll
0x00007ff9d2dd0000 - 0x00007ff9d2e41000 	C:\Windows\System32\WS2_32.dll
0x00007ff9cf220000 - 0x00007ff9cf238000 	C:\Windows\SYSTEM32\kernel.appcore.dll
0x00007ff9c55a0000 - 0x00007ff9c55aa000 	C:\Program Files\Java\jdk-17\bin\jimage.dll
0x00007ff9cdb60000 - 0x00007ff9cdd92000 	C:\Windows\SYSTEM32\DBGHELP.DLL
0x00007ff9d0cf0000 - 0x00007ff9d1081000 	C:\Windows\System32\combase.dll
0x00007ff9d1d00000 - 0x00007ff9d1dd7000 	C:\Windows\System32\OLEAUT32.dll
0x00007ff9b28a0000 - 0x00007ff9b28d2000 	C:\Windows\SYSTEM32\dbgcore.DLL
0x00007ff9d0a30000 - 0x00007ff9d0aab000 	C:\Windows\System32\bcryptPrimitives.dll
0x00007ff9c4690000 - 0x00007ff9c46b5000 	C:\Program Files\Java\jdk-17\bin\java.dll
0x00007ff9c45b0000 - 0x00007ff9c4687000 	C:\Program Files\Java\jdk-17\bin\jsvml.dll
0x00007ff9d24e0000 - 0x00007ff9d2d59000 	C:\Windows\System32\SHELL32.dll
0x00007ff9ce0a0000 - 0x00007ff9ce9a9000 	C:\Windows\SYSTEM32\windows.storage.dll
0x00007ff9cdf60000 - 0x00007ff9ce09f000 	C:\Windows\SYSTEM32\wintypes.dll
0x00007ff9d0b80000 - 0x00007ff9d0c7a000 	C:\Windows\System32\SHCORE.dll
0x00007ff9d1560000 - 0x00007ff9d15be000 	C:\Windows\System32\shlwapi.dll
0x00007ff9d0080000 - 0x00007ff9d00ab000 	C:\Windows\SYSTEM32\profapi.dll
0x00007ff9c4590000 - 0x00007ff9c45a9000 	C:\Program Files\Java\jdk-17\bin\net.dll
0x00007ff9ca2f0000 - 0x00007ff9ca426000 	C:\Windows\SYSTEM32\WINHTTP.dll
0x00007ff9cf700000 - 0x00007ff9cf769000 	C:\Windows\system32\mswsock.dll
0x00007ff9c4570000 - 0x00007ff9c4586000 	C:\Program Files\Java\jdk-17\bin\nio.dll
0x00007ff9c4550000 - 0x00007ff9c4568000 	C:\Program Files\Java\jdk-17\bin\zip.dll
0x0000000069ac0000 - 0x0000000069ae4000 	C:\Users\Trong Tinh\AppData\Local\Temp\jansi-2.4.0-c50821d9e7cb0c98-jansi.dll
0x00007ff9c5590000 - 0x00007ff9c55a0000 	C:\Program Files\Java\jdk-17\bin\verify.dll

dbghelp: loaded successfully - version: 4.0.5 - missing functions: none
symbol engine: initialized successfully - sym options: 0x614 - pdb path: .;C:\Program Files\Java\jdk-17\bin;C:\Windows\SYSTEM32;C:\Windows\WinSxS\amd64_microsoft.windows.common-controls_6595b64144ccf1df_6.0.22621.4541_none_2710d1c57384c085;C:\Program Files\Java\jdk-17\bin\server;C:\Users\Trong Tinh\AppData\Local\Temp

VM Arguments:
jvm_args: -Dclassworlds.conf=C:\Program Files\NetBeans-21\netbeans\java\maven\bin\m2.conf -Dmaven.home=C:\Program Files\NetBeans-21\netbeans\java\maven -Dlibrary.jansi.path=C:\Program Files\NetBeans-21\netbeans\java\maven\lib\jansi-native -Dmaven.multiModuleProjectDirectory=A:\SOF2042\Poly 
java_command: org.codehaus.plexus.classworlds.launcher.Launcher -Dexec.vmArgs= -Dexec.args=${exec.vmArgs} -classpath %classpath ${exec.mainClass} ${exec.appArgs} -Dexec.executable=C:\Program Files\Java\jdk-17\bin\java.exe -Dexec.mainClass=com.edusys.ui.TranBoNhoLyrics -Dexec.classpathScope=runtime -Dexec.appArgs= -Dmaven.ext.class.path=C:\Program Files\NetBeans-21\netbeans\java\maven-nblib\netbeans-eventspy.jar --no-transfer-progress process-classes org.codehaus.mojo:exec-maven-plugin:3.1.0:exec
java_class_path (initial): C:\Program Files\NetBeans-21\netbeans\java\maven\boot\plexus-classworlds-2.7.0.jar
Launcher Type: SUN_STANDARD

[Global flags]
     intx CICompilerCount                          = 4                                         {product} {ergonomic}
     uint ConcGCThreads                            = 3                                         {product} {ergonomic}
     uint G1ConcRefinementThreads                  = 10                                        {product} {ergonomic}
   size_t G1HeapRegionSize                         = 1048576                                   {product} {ergonomic}
    uintx GCDrainStackTargetSize                   = 64                                        {product} {ergonomic}
   size_t InitialHeapSize                          = 130023424                                 {product} {ergonomic}
   size_t MarkStackSize                            = 4194304                                   {product} {ergonomic}
   size_t MaxHeapSize                              = 2076180480                                {product} {ergonomic}
   size_t MaxNewSize                               = 1245708288                                {product} {ergonomic}
   size_t MinHeapDeltaBytes                        = 1048576                                   {product} {ergonomic}
   size_t MinHeapSize                              = 8388608                                   {product} {ergonomic}
    uintx NonNMethodCodeHeapSize                   = 5839372                                {pd product} {ergonomic}
    uintx NonProfiledCodeHeapSize                  = 122909434                              {pd product} {ergonomic}
    uintx ProfiledCodeHeapSize                     = 122909434                              {pd product} {ergonomic}
    uintx ReservedCodeCacheSize                    = 251658240                              {pd product} {ergonomic}
     bool SegmentedCodeCache                       = true                                      {product} {ergonomic}
   size_t SoftMaxHeapSize                          = 2076180480                             {manageable} {ergonomic}
     bool UseCompressedClassPointers               = true                           {product lp64_product} {ergonomic}
     bool UseCompressedOops                        = true                           {product lp64_product} {ergonomic}
     bool UseG1GC                                  = true                                      {product} {ergonomic}
     bool UseLargePagesIndividualAllocation        = false                                  {pd product} {ergonomic}

Logging:
Log output configuration:
 #0: stdout all=warning uptime,level,tags
 #1: stderr all=off uptime,level,tags

Environment Variables:
JAVA_HOME=C:\Program Files\Java\jdk-17
PATH=C:\Program Files\Microsoft MPI\Bin\;C:\Program Files\Common Files\Oracle\Java\javapath;C:\Windows\system32;C:\Windows;C:\Windows\System32\Wbem;C:\Windows\System32\WindowsPowerShell\v1.0\;C:\Windows\System32\OpenSSH\;C:\Program Files (x86)\NVIDIA Corporation\PhysX\Common;C:\Program Files\NVIDIA Corporation\NVIDIA NvDLISR;C:\Program Files\dotnet\;C:\Program Files (x86)\Microsoft SQL Server\160\Tools\Binn\;C:\Program Files\Microsoft SQL Server\160\Tools\Binn\;C:\Program Files\Microsoft SQL Server\Client SDK\ODBC\170\Tools\Binn\;C:\Program Files\Microsoft SQL Server\160\DTS\Binn\;C:\Program Files\Git\cmd;C:\Program Files (x86)\Microsoft SQL Server\160\DTS\Binn\;C:\Program Files\MySQL\MySQL Shell 8.0\bin\;C:\Users\Trong Tinh\AppData\Local\Microsoft\WindowsApps;D:\Microsoft VS Code\bin
USERNAME=Trong Tinh
OS=Windows_NT
PROCESSOR_IDENTIFIER=Intel64 Family 6 Model 141 Stepping 1, GenuineIntel



---------------  S Y S T E M  ---------------

OS:
 Windows 11 , 64 bit Build 22621 (10.0.22621.4391)
OS uptime: 0 days 0:15 hours

CPU: total 12 (initial active 12) (6 cores per cpu, 2 threads per core) family 6 model 141 stepping 1 microcode 0x50, cx8, cmov, fxsr, ht, mmx, 3dnowpref, sse, sse2, sse3, ssse3, sse4.1, sse4.2, popcnt, lzcnt, tsc, tscinvbit, avx, avx2, aes, erms, clmul, bmi1, bmi2, adx, avx512f, avx512dq, avx512cd, avx512bw, avx512vl, sha, fma, vzeroupper, avx512_vpopcntdq, avx512_vpclmulqdq, avx512_vaes, avx512_vnni, clflush, clflushopt, clwb, avx512_vbmi2, avx512_vbmi

Memory: 4k page, system-wide physical 7914M (1180M free)
TotalPageFile size 9962M (AvailPageFile size 2M)
current process WorkingSet (physical memory assigned to process): 46M, peak: 46M
current process commit charge ("private bytes"): 214M, peak: 214M

vm_info: Java HotSpot(TM) 64-Bit Server VM (17.0.11+7-LTS-207) for windows-amd64 JRE (17.0.11+7-LTS-207), built on Mar 11 2024 19:01:50 by "mach5one" with MS VC++ 17.6 (VS2022)

END.
